{"ip":"::1","level":"error","message":"Error undefined","method":"POST","url":"/api/auth/register","userAgent":"PostmanRuntime/7.49.1"}
{"ip":"::1","level":"error","message":"Error undefined","method":"POST","url":"/api/auth/register","userAgent":"PostmanRuntime/7.49.1"}
{"ip":"::1","level":"error","message":"Error undefined","method":"POST","url":"/api/auth/register","userAgent":"PostmanRuntime/7.49.1"}
{"ip":"::1","level":"error","message":"Error undefined","method":"POST","url":"/api/auth/register","userAgent":"PostmanRuntime/7.49.1"}
{"ip":"::1","level":"error","message":"Error undefined","method":"POST","url":"/api/auth/register","userAgent":"PostmanRuntime/7.49.1"}
{"ip":"::1","level":"error","message":"Error undefined","method":"POST","url":"/api/auth/register","userAgent":"PostmanRuntime/7.49.1"}
{"ip":"::1","level":"error","message":"Error undefined","method":"POST","url":"/api/auth/register","userAgent":"PostmanRuntime/7.49.1"}
{"ip":"::1","level":"error","message":"Error undefined","method":"POST","url":"/api/auth/register","userAgent":"PostmanRuntime/7.49.1"}
{"ip":"::1","level":"error","message":"Error undefined","method":"POST","url":"/api/auth/register","userAgent":"PostmanRuntime/7.49.1"}
{"ip":"::1","level":"error","message":"Error undefined","method":"POST","url":"/api/auth/register","userAgent":"PostmanRuntime/7.49.1"}
{"ip":"::1","level":"error","message":"Error \"name\" is required","method":"POST","url":"/api/auth/register","userAgent":"PostmanRuntime/7.49.1"}
{"ip":"::1","level":"error","message":"Error undefined","method":"POST","url":"/api/auth/register","userAgent":"PostmanRuntime/7.49.1"}
{"ip":"::1","level":"error","message":"Error undefined","method":"POST","url":"/api/auth/register","userAgent":"PostmanRuntime/7.49.1"}
{"ip":"::1","level":"error","message":"Error undefined","method":"POST","url":"/api/auth/register","userAgent":"PostmanRuntime/7.49.1"}
{"ip":"::1","level":"error","message":"Error undefined","method":"POST","url":"/api/auth/register","userAgent":"PostmanRuntime/7.49.1"}
{"ip":"::1","level":"error","message":"Error undefined","method":"POST","url":"/api/auth/register","userAgent":"PostmanRuntime/7.49.1"}
{"ip":"::1","level":"error","message":"Error undefined","method":"POST","url":"/api/auth/register","userAgent":"PostmanRuntime/7.49.1"}
{"ip":"::1","level":"error","message":"Error undefined","method":"POST","url":"/api/auth/register","userAgent":"PostmanRuntime/7.49.1"}
{"ip":"::1","level":"error","message":"Error undefined","method":"POST","url":"/api/auth/register","userAgent":"PostmanRuntime/7.49.1"}
{"ip":"::1","level":"error","message":"Error undefined","method":"POST","url":"/api/auth/register","userAgent":"PostmanRuntime/7.49.1"}
{"ip":"::1","level":"error","message":"Error undefined","method":"POST","url":"/api/auth/register","userAgent":"PostmanRuntime/7.49.1"}
{"ip":"::1","level":"error","message":"Error undefined","method":"POST","url":"/api/auth/register","userAgent":"PostmanRuntime/7.49.1"}
{"ip":"::1","level":"error","message":"Error undefined","method":"POST","url":"/api/auth/register","userAgent":"PostmanRuntime/7.49.1"}
{"ip":"::1","level":"error","message":"Error undefined","method":"POST","url":"/api/auth/register","userAgent":"PostmanRuntime/7.49.1"}
{"ip":"::1","level":"error","message":"Error undefined","method":"POST","url":"/api/auth/register","userAgent":"PostmanRuntime/7.49.1"}
{"ip":"::1","level":"error","message":"Error undefined","method":"POST","url":"/api/auth/register","userAgent":"PostmanRuntime/7.49.1"}
{"ip":"::1","level":"error","message":"Error undefined","method":"POST","url":"/api/auth/register","userAgent":"PostmanRuntime/7.49.1"}
{"ip":"::1","level":"error","message":"Error undefined","method":"POST","url":"/api/auth/register","userAgent":"PostmanRuntime/7.49.1"}
{"ip":"::1","level":"error","message":"Error undefined","method":"POST","url":"/api/auth/register","userAgent":"PostmanRuntime/7.49.1"}
{"ip":"::1","level":"error","message":"Error undefined","method":"POST","url":"/api/auth/register","userAgent":"PostmanRuntime/7.49.1"}
{"ip":"::1","level":"error","message":"Error undefined","method":"POST","url":"/api/auth/register","userAgent":"PostmanRuntime/7.49.1"}
{"ip":"::1","level":"error","message":"Error undefined","method":"POST","url":"/api/auth/register","userAgent":"PostmanRuntime/7.49.1"}
{"ip":"::1","level":"error","message":"Error undefined","method":"POST","url":"/api/auth/register","userAgent":"PostmanRuntime/7.49.1"}
{"ip":"::1","level":"error","message":"Error undefined","method":"POST","url":"/api/auth/register","userAgent":"PostmanRuntime/7.49.1"}
{"ip":"::1","level":"error","message":"Error undefined","method":"POST","url":"/api/auth/register","userAgent":"PostmanRuntime/7.49.1"}
{"ip":"::1","level":"error","message":"Error undefined","method":"POST","url":"/api/auth/register","userAgent":"PostmanRuntime/7.49.1"}
{"ip":"::1","level":"error","message":"Error undefined","method":"POST","url":"/api/auth/register","userAgent":"PostmanRuntime/7.49.1"}
{"ip":"::1","level":"error","message":"Error undefined","method":"POST","url":"/api/auth/register","userAgent":"PostmanRuntime/7.49.1"}
{"ip":"::1","level":"error","message":"Error undefined","method":"POST","url":"/api/auth/register","userAgent":"PostmanRuntime/7.49.1"}
{"ip":"::1","level":"error","message":"Error undefined","method":"POST","url":"/api/auth/register","userAgent":"PostmanRuntime/7.49.1"}
{"ip":"::1","level":"error","message":"Error undefined","method":"POST","url":"/api/auth/register","userAgent":"PostmanRuntime/7.49.1"}
{"ip":"::1","level":"error","message":"Error undefined","method":"POST","url":"/api/auth/register","userAgent":"PostmanRuntime/7.49.1"}
{"ip":"::1","level":"error","message":"Error undefined","method":"POST","url":"/api/auth/register","userAgent":"PostmanRuntime/7.49.1"}
{"ip":"::1","level":"error","message":"Error undefined","method":"POST","url":"/api/auth/register","userAgent":"PostmanRuntime/7.49.1"}
{"ip":"::1","level":"error","message":"Error undefined","method":"POST","url":"/api/auth/register","userAgent":"PostmanRuntime/7.49.1"}
{"ip":"::1","level":"error","message":"Error undefined","method":"POST","url":"/api/auth/register","userAgent":"PostmanRuntime/7.49.1"}
{"ip":"::1","level":"error","message":"Error undefined","method":"POST","url":"/api/auth/register","userAgent":"PostmanRuntime/7.49.1"}
{"ip":"::1","level":"error","message":"Error undefined","method":"POST","url":"/api/auth/register","userAgent":"PostmanRuntime/7.49.1"}
{"ip":"::1","level":"error","message":"Error undefined","method":"POST","url":"/api/auth/register","userAgent":"PostmanRuntime/7.49.1"}
{"ip":"::1","level":"error","message":"Error ValidationError","method":"POST","url":"/api/auth/register","userAgent":"PostmanRuntime/7.49.1"}
{"ip":"::1","level":"error","message":"Error ValidationError","method":"POST","url":"/api/auth/register","userAgent":"PostmanRuntime/7.49.1"}
{"ip":"::1","level":"error","message":"Error ValidationError","method":"POST","url":"/api/auth/register","userAgent":"PostmanRuntime/7.49.1"}
{"ip":"::1","level":"error","message":"Error ValidationError","method":"POST","url":"/api/auth/register","userAgent":"PostmanRuntime/7.49.1"}
{"ip":"::1","level":"error","message":"Error ValidationError","method":"POST","url":"/api/auth/register","userAgent":"PostmanRuntime/7.49.1"}
{"ip":"::1","level":"error","message":"Error ValidationError","method":"POST","url":"/api/auth/register","userAgent":"PostmanRuntime/7.49.1"}
{"ip":"::1","level":"error","message":"Error ValidationError","method":"POST","url":"/api/auth/register","userAgent":"PostmanRuntime/7.49.1"}
{"ip":"::1","level":"error","message":"Error ValidationError","method":"POST","url":"/api/auth/register","userAgent":"PostmanRuntime/7.49.1"}
{"ip":"::1","level":"error","message":"Error ValidationError","method":"POST","url":"/api/auth/register","userAgent":"PostmanRuntime/7.49.1"}
{"ip":"::1","level":"error","message":"Error ValidationError","method":"POST","url":"/api/auth/register","userAgent":"PostmanRuntime/7.49.1"}
{"ip":"::1","level":"error","message":"Error TypeError","method":"POST","stack":"TypeError: Cannot read properties of undefined (reading 'details')\n    at BaseController.validateRequest (/Users/macair/Desktop/Mentor/ventaro/server/controllers/baseController.js:12:39)\n    at /Users/macair/Desktop/Mentor/ventaro/server/controllers/authController.js:7:46\n    at /Users/macair/Desktop/Mentor/ventaro/server/controllers/baseController.js:7:29\n    at Layer.handleRequest (/Users/macair/Desktop/Mentor/ventaro/server/node_modules/router/lib/layer.js:152:17)\n    at next (/Users/macair/Desktop/Mentor/ventaro/server/node_modules/router/lib/route.js:157:13)\n    at Route.dispatch (/Users/macair/Desktop/Mentor/ventaro/server/node_modules/router/lib/route.js:117:3)\n    at handle (/Users/macair/Desktop/Mentor/ventaro/server/node_modules/router/index.js:435:11)\n    at Layer.handleRequest (/Users/macair/Desktop/Mentor/ventaro/server/node_modules/router/lib/layer.js:152:17)\n    at /Users/macair/Desktop/Mentor/ventaro/server/node_modules/router/index.js:295:15\n    at processParams (/Users/macair/Desktop/Mentor/ventaro/server/node_modules/router/index.js:582:12)","url":"/api/auth/register","userAgent":"PostmanRuntime/7.49.1"}
{"level":"error","message":"Registration error: User with this email already exists","stack":"Error: User with this email already exists\n    at AuthService.register (/Users/macair/Desktop/Mentor/ventaro/server/services/authService.js:14:15)\n    at process.processTicksAndRejections (node:internal/process/task_queues:105:5)\n    at async /Users/macair/Desktop/Mentor/ventaro/server/controllers/authController.js:8:24"}
{"ip":"::1","level":"error","message":"Error Error","method":"POST","stack":"Error: User with this email already exists\n    at AuthService.register (/Users/macair/Desktop/Mentor/ventaro/server/services/authService.js:14:15)\n    at process.processTicksAndRejections (node:internal/process/task_queues:105:5)\n    at async /Users/macair/Desktop/Mentor/ventaro/server/controllers/authController.js:8:24","url":"/api/auth/register","userAgent":"PostmanRuntime/7.49.1"}
{"ip":"::1","level":"error","message":"Error TypeError","method":"POST","stack":"TypeError: Cannot read properties of undefined (reading 'details')\n    at BaseController.validateRequest (/Users/macair/Desktop/Mentor/ventaro/server/controllers/baseController.js:12:39)\n    at /Users/macair/Desktop/Mentor/ventaro/server/controllers/authController.js:7:46\n    at /Users/macair/Desktop/Mentor/ventaro/server/controllers/baseController.js:7:29\n    at Layer.handleRequest (/Users/macair/Desktop/Mentor/ventaro/server/node_modules/router/lib/layer.js:152:17)\n    at next (/Users/macair/Desktop/Mentor/ventaro/server/node_modules/router/lib/route.js:157:13)\n    at Route.dispatch (/Users/macair/Desktop/Mentor/ventaro/server/node_modules/router/lib/route.js:117:3)\n    at handle (/Users/macair/Desktop/Mentor/ventaro/server/node_modules/router/index.js:435:11)\n    at Layer.handleRequest (/Users/macair/Desktop/Mentor/ventaro/server/node_modules/router/lib/layer.js:152:17)\n    at /Users/macair/Desktop/Mentor/ventaro/server/node_modules/router/index.js:295:15\n    at processParams (/Users/macair/Desktop/Mentor/ventaro/server/node_modules/router/index.js:582:12)","url":"/api/auth/register","userAgent":"PostmanRuntime/7.49.1"}
{"ip":"::1","level":"error","message":"Error TypeError","method":"POST","stack":"TypeError: Cannot read properties of undefined (reading 'details')\n    at BaseController.validateRequest (/Users/macair/Desktop/Mentor/ventaro/server/controllers/baseController.js:12:39)\n    at /Users/macair/Desktop/Mentor/ventaro/server/controllers/authController.js:7:46\n    at /Users/macair/Desktop/Mentor/ventaro/server/controllers/baseController.js:7:29\n    at Layer.handleRequest (/Users/macair/Desktop/Mentor/ventaro/server/node_modules/router/lib/layer.js:152:17)\n    at next (/Users/macair/Desktop/Mentor/ventaro/server/node_modules/router/lib/route.js:157:13)\n    at Route.dispatch (/Users/macair/Desktop/Mentor/ventaro/server/node_modules/router/lib/route.js:117:3)\n    at handle (/Users/macair/Desktop/Mentor/ventaro/server/node_modules/router/index.js:435:11)\n    at Layer.handleRequest (/Users/macair/Desktop/Mentor/ventaro/server/node_modules/router/lib/layer.js:152:17)\n    at /Users/macair/Desktop/Mentor/ventaro/server/node_modules/router/index.js:295:15\n    at processParams (/Users/macair/Desktop/Mentor/ventaro/server/node_modules/router/index.js:582:12)","url":"/api/auth/register","userAgent":"PostmanRuntime/7.49.1"}
{"level":"error","message":"Registration error: User with this email already exists","stack":"Error: User with this email already exists\n    at AuthService.register (/Users/macair/Desktop/Mentor/ventaro/server/services/authService.js:14:15)\n    at process.processTicksAndRejections (node:internal/process/task_queues:105:5)\n    at async /Users/macair/Desktop/Mentor/ventaro/server/controllers/authController.js:8:24"}
{"ip":"::1","level":"error","message":"Error Error","method":"POST","stack":"Error: User with this email already exists\n    at AuthService.register (/Users/macair/Desktop/Mentor/ventaro/server/services/authService.js:14:15)\n    at process.processTicksAndRejections (node:internal/process/task_queues:105:5)\n    at async /Users/macair/Desktop/Mentor/ventaro/server/controllers/authController.js:8:24","url":"/api/auth/register","userAgent":"PostmanRuntime/7.49.1"}
{"level":"error","message":"Registration error: User with this email already exists","stack":"Error: User with this email already exists\n    at AuthService.register (/Users/macair/Desktop/Mentor/ventaro/server/services/authService.js:14:15)\n    at process.processTicksAndRejections (node:internal/process/task_queues:105:5)\n    at async /Users/macair/Desktop/Mentor/ventaro/server/controllers/authController.js:8:24"}
{"ip":"::1","level":"error","message":"Error Error","method":"POST","stack":"Error: User with this email already exists\n    at AuthService.register (/Users/macair/Desktop/Mentor/ventaro/server/services/authService.js:14:15)\n    at process.processTicksAndRejections (node:internal/process/task_queues:105:5)\n    at async /Users/macair/Desktop/Mentor/ventaro/server/controllers/authController.js:8:24","url":"/api/auth/register","userAgent":"PostmanRuntime/7.49.1"}
{"level":"error","message":"Registration error:"}
{"ip":"::1","level":"error","message":"Error undefined","method":"POST","url":"/api/auth/register","userAgent":"PostmanRuntime/7.49.1"}
{"level":"error","message":"Registration error: User with this email already exists","stack":"Error: User with this email already exists\n    at AuthService.register (/Users/macair/Desktop/Mentor/ventaro/server/services/authService.js:14:15)\n    at process.processTicksAndRejections (node:internal/process/task_queues:105:5)\n    at async /Users/macair/Desktop/Mentor/ventaro/server/controllers/authController.js:8:24"}
{"ip":"::1","level":"error","message":"Error Error","method":"POST","stack":"Error: User with this email already exists\n    at AuthService.register (/Users/macair/Desktop/Mentor/ventaro/server/services/authService.js:14:15)\n    at process.processTicksAndRejections (node:internal/process/task_queues:105:5)\n    at async /Users/macair/Desktop/Mentor/ventaro/server/controllers/authController.js:8:24","url":"/api/auth/register","userAgent":"PostmanRuntime/7.49.1"}
{"level":"error","message":"Registration error: [object Object]","stack":"Error: [object Object]\n    at AuthService.register (/Users/macair/Desktop/Mentor/ventaro/server/services/authService.js:14:15)\n    at process.processTicksAndRejections (node:internal/process/task_queues:105:5)\n    at async /Users/macair/Desktop/Mentor/ventaro/server/controllers/authController.js:8:24"}
{"ip":"::1","level":"error","message":"Error Error","method":"POST","stack":"Error: [object Object]\n    at AuthService.register (/Users/macair/Desktop/Mentor/ventaro/server/services/authService.js:14:15)\n    at process.processTicksAndRejections (node:internal/process/task_queues:105:5)\n    at async /Users/macair/Desktop/Mentor/ventaro/server/controllers/authController.js:8:24","url":"/api/auth/register","userAgent":"PostmanRuntime/7.49.1"}
{"level":"error","message":"Registration error: User with this email already exists","stack":"Error: User with this email already exists\n    at AuthService.register (/Users/macair/Desktop/Mentor/ventaro/server/services/authService.js:14:15)\n    at process.processTicksAndRejections (node:internal/process/task_queues:105:5)\n    at async /Users/macair/Desktop/Mentor/ventaro/server/controllers/authController.js:8:24"}
{"ip":"::1","level":"error","message":"Error Error","method":"POST","stack":"Error: User with this email already exists\n    at AuthService.register (/Users/macair/Desktop/Mentor/ventaro/server/services/authService.js:14:15)\n    at process.processTicksAndRejections (node:internal/process/task_queues:105:5)\n    at async /Users/macair/Desktop/Mentor/ventaro/server/controllers/authController.js:8:24","url":"/api/auth/register","userAgent":"PostmanRuntime/7.49.1"}
{"level":"error","message":"Registration error: User with this email already exists","stack":"Error: User with this email already exists\n    at AuthService.register (/Users/macair/Desktop/Mentor/ventaro/server/services/authService.js:14:15)\n    at process.processTicksAndRejections (node:internal/process/task_queues:105:5)\n    at async /Users/macair/Desktop/Mentor/ventaro/server/controllers/authController.js:8:24"}
{"ip":"::1","level":"error","message":"Error Error","method":"POST","stack":"Error: User with this email already exists\n    at AuthService.register (/Users/macair/Desktop/Mentor/ventaro/server/services/authService.js:14:15)\n    at process.processTicksAndRejections (node:internal/process/task_queues:105:5)\n    at async /Users/macair/Desktop/Mentor/ventaro/server/controllers/authController.js:8:24","url":"/api/auth/register","userAgent":"PostmanRuntime/7.49.1"}
{"ip":"::1","level":"error","message":"Error Error","method":"POST","stack":"Error: name isssss required \n    at BaseController.validateRequest (/Users/macair/Desktop/Mentor/ventaro/server/controllers/baseController.js:19:19)\n    at /Users/macair/Desktop/Mentor/ventaro/server/controllers/authController.js:7:46\n    at /Users/macair/Desktop/Mentor/ventaro/server/controllers/baseController.js:7:29\n    at Layer.handleRequest (/Users/macair/Desktop/Mentor/ventaro/server/node_modules/router/lib/layer.js:152:17)\n    at next (/Users/macair/Desktop/Mentor/ventaro/server/node_modules/router/lib/route.js:157:13)\n    at Route.dispatch (/Users/macair/Desktop/Mentor/ventaro/server/node_modules/router/lib/route.js:117:3)\n    at handle (/Users/macair/Desktop/Mentor/ventaro/server/node_modules/router/index.js:435:11)\n    at Layer.handleRequest (/Users/macair/Desktop/Mentor/ventaro/server/node_modules/router/lib/layer.js:152:17)\n    at /Users/macair/Desktop/Mentor/ventaro/server/node_modules/router/index.js:295:15\n    at processParams (/Users/macair/Desktop/Mentor/ventaro/server/node_modules/router/index.js:582:12)","url":"/api/auth/register","userAgent":"PostmanRuntime/7.49.1"}
{"level":"error","message":"Registration error: sendVerifyEmail is not defined","stack":"ReferenceError: sendVerifyEmail is not defined\n    at AuthService.register (/Users/macair/Desktop/Mentor/ventaro/server/services/authService.js:41:8)\n    at process.processTicksAndRejections (node:internal/process/task_queues:105:5)\n    at async /Users/macair/Desktop/Mentor/ventaro/server/controllers/authController.js:8:24"}
{"ip":"::1","level":"error","message":"Error ReferenceError","method":"POST","stack":"ReferenceError: sendVerifyEmail is not defined\n    at AuthService.register (/Users/macair/Desktop/Mentor/ventaro/server/services/authService.js:41:8)\n    at process.processTicksAndRejections (node:internal/process/task_queues:105:5)\n    at async /Users/macair/Desktop/Mentor/ventaro/server/controllers/authController.js:8:24","url":"/api/auth/register","userAgent":"PostmanRuntime/7.49.1"}
{"level":"error","message":"Registration error: User with this email already exists","stack":"Error: User with this email already exists\n    at AuthService.register (/Users/macair/Desktop/Mentor/ventaro/server/services/authService.js:14:15)\n    at process.processTicksAndRejections (node:internal/process/task_queues:105:5)\n    at async /Users/macair/Desktop/Mentor/ventaro/server/controllers/authController.js:8:24"}
{"ip":"::1","level":"error","message":"Error Error","method":"POST","stack":"Error: User with this email already exists\n    at AuthService.register (/Users/macair/Desktop/Mentor/ventaro/server/services/authService.js:14:15)\n    at process.processTicksAndRejections (node:internal/process/task_queues:105:5)\n    at async /Users/macair/Desktop/Mentor/ventaro/server/controllers/authController.js:8:24","url":"/api/auth/register","userAgent":"PostmanRuntime/7.49.1"}
{"level":"error","message":"Registration error: Date(...).now is not a function","stack":"TypeError: Date(...).now is not a function\n    at AuthService.register (/Users/macair/Desktop/Mentor/ventaro/server/services/authService.js:33:30)\n    at process.processTicksAndRejections (node:internal/process/task_queues:105:5)\n    at async /Users/macair/Desktop/Mentor/ventaro/server/controllers/authController.js:8:24"}
{"ip":"::1","level":"error","message":"Error TypeError","method":"POST","stack":"TypeError: Date(...).now is not a function\n    at AuthService.register (/Users/macair/Desktop/Mentor/ventaro/server/services/authService.js:33:30)\n    at process.processTicksAndRejections (node:internal/process/task_queues:105:5)\n    at async /Users/macair/Desktop/Mentor/ventaro/server/controllers/authController.js:8:24","url":"/api/auth/register","userAgent":"PostmanRuntime/7.49.1"}
{"level":"error","message":"Registration error: User with this email already exists","stack":"Error: User with this email already exists\n    at AuthService.register (/Users/macair/Desktop/Mentor/ventaro/server/services/authService.js:14:15)\n    at process.processTicksAndRejections (node:internal/process/task_queues:105:5)\n    at async /Users/macair/Desktop/Mentor/ventaro/server/controllers/authController.js:8:24"}
{"ip":"::1","level":"error","message":"Error Error","method":"POST","stack":"Error: User with this email already exists\n    at AuthService.register (/Users/macair/Desktop/Mentor/ventaro/server/services/authService.js:14:15)\n    at process.processTicksAndRejections (node:internal/process/task_queues:105:5)\n    at async /Users/macair/Desktop/Mentor/ventaro/server/controllers/authController.js:8:24","url":"/api/auth/register","userAgent":"PostmanRuntime/7.49.1"}
{"level":"error","message":"OTP email sending failed"}
{"level":"error","message":"OTP email sending failed"}
{"level":"error","message":"OTP email sending failed"}
{"level":"error","message":"OTP email sending failed"}
{"level":"error","message":"OTP email sending failed"}
{"level":"error","message":"OTP email sending failed"}
{"level":"error","message":"OTP email sending failed"}
{"level":"error","message":"OTP email sending failed"}
{"level":"error","message":"OTP email sending failed"}
{"level":"error","message":"OTP email sending failed"}
{"level":"error","message":"OTP email sending failed"}
{"level":"error","message":"OTP email sending failed"}
{"level":"error","message":"Registration error: User with this email already exists","stack":"Error: User with this email already exists\n    at AuthService.register (/Users/macair/Desktop/Mentor/ventaro/server/services/authService.js:14:15)\n    at process.processTicksAndRejections (node:internal/process/task_queues:105:5)\n    at async /Users/macair/Desktop/Mentor/ventaro/server/controllers/authController.js:8:24"}
{"ip":"::1","level":"error","message":"Error Error","method":"POST","stack":"Error: User with this email already exists\n    at AuthService.register (/Users/macair/Desktop/Mentor/ventaro/server/services/authService.js:14:15)\n    at process.processTicksAndRejections (node:internal/process/task_queues:105:5)\n    at async /Users/macair/Desktop/Mentor/ventaro/server/controllers/authController.js:8:24","url":"/api/auth/register","userAgent":"PostmanRuntime/7.49.1"}
{"level":"error","message":"Registration error: User with this email already exists","stack":"Error: User with this email already exists\n    at AuthService.register (/Users/macair/Desktop/Mentor/ventaro/server/services/authService.js:14:15)\n    at process.processTicksAndRejections (node:internal/process/task_queues:105:5)\n    at async /Users/macair/Desktop/Mentor/ventaro/server/controllers/authController.js:8:24"}
{"ip":"::1","level":"error","message":"Error Error","method":"POST","stack":"Error: User with this email already exists\n    at AuthService.register (/Users/macair/Desktop/Mentor/ventaro/server/services/authService.js:14:15)\n    at process.processTicksAndRejections (node:internal/process/task_queues:105:5)\n    at async /Users/macair/Desktop/Mentor/ventaro/server/controllers/authController.js:8:24","url":"/api/auth/register","userAgent":"PostmanRuntime/7.49.1"}
{"level":"error","message":"Registration error: data and salt arguments required","stack":"Error: data and salt arguments required\n    at Object.hash (/Users/macair/Desktop/Mentor/ventaro/server/node_modules/bcrypt/bcrypt.js:133:17)\n    at /Users/macair/Desktop/Mentor/ventaro/server/node_modules/bcrypt/promises.js:26:12\n    at new Promise (<anonymous>)\n    at Object.promise (/Users/macair/Desktop/Mentor/ventaro/server/node_modules/bcrypt/promises.js:17:12)\n    at Object.hash (/Users/macair/Desktop/Mentor/ventaro/server/node_modules/bcrypt/bcrypt.js:129:25)\n    at model.<anonymous> (/Users/macair/Desktop/Mentor/ventaro/server/models/User.js:61:42)"}
{"ip":"::1","level":"error","message":"Error Error","method":"POST","stack":"Error: data and salt arguments required\n    at Object.hash (/Users/macair/Desktop/Mentor/ventaro/server/node_modules/bcrypt/bcrypt.js:133:17)\n    at /Users/macair/Desktop/Mentor/ventaro/server/node_modules/bcrypt/promises.js:26:12\n    at new Promise (<anonymous>)\n    at Object.promise (/Users/macair/Desktop/Mentor/ventaro/server/node_modules/bcrypt/promises.js:17:12)\n    at Object.hash (/Users/macair/Desktop/Mentor/ventaro/server/node_modules/bcrypt/bcrypt.js:129:25)\n    at model.<anonymous> (/Users/macair/Desktop/Mentor/ventaro/server/models/User.js:61:42)","url":"/api/auth/register","userAgent":"PostmanRuntime/7.49.1"}
