{"level":"info","message":"Server initialized successfully"}
{"level":"info","message":"Server initialized successfully"}
{"level":"info","message":"Server initialized successfully"}
{"level":"info","message":"Server initialized successfully"}
{"level":"info","message":"Server initialized successfully"}
{"level":"info","message":"Server initialized successfully"}
{"level":"info","message":"Server initialized successfully"}
{"level":"info","message":"Server initialized successfully"}
{"level":"info","message":"Server initialized successfully"}
{"level":"info","message":"Server initialized successfully"}
{"level":"info","message":"Server initialized successfully"}
{"level":"info","message":"Server initialized successfully"}
{"level":"info","message":"Server initialized successfully"}
{"level":"info","message":"Server initialized successfully"}
{"level":"info","message":"Server initialized successfully"}
{"level":"info","message":"Server initialized successfully"}
{"level":"info","message":"db disconnected gracefully"}
{"level":"info","message":"Server initialized successfully"}
{"level":"info","message":"Server initialized successfully"}
{"level":"info","message":"mongodb connected successfully"}
{"level":"info","message":"Server initialized successfully"}
{"level":"info","message":"mongodb connected successfully"}
{"level":"info","message":"Server initialized successfully"}
{"level":"info","message":"mongodb connected successfully"}
{"level":"info","message":"Server initialized successfully"}
{"level":"info","message":"Server running in development Mode on port 5001"}
{"level":"info","message":"db disconnected gracefully"}
{"level":"info","message":"mongodb connected successfully"}
{"level":"info","message":"Server initialized successfully"}
{"level":"info","message":"Server running in development Mode on port 5001"}
{"level":"info","message":"mongodb connected successfully"}
{"level":"info","message":"mongodb connected successfully"}
{"level":"info","message":"mongodb connected successfully"}
{"level":"info","message":"mongodb connected successfully"}
{"level":"error","message":"Server initialization failed argument handler must be a function","stack":"TypeError: argument handler must be a function\n    at Function.use (/Users/macair/Desktop/Mentor/ventaro/server/node_modules/router/index.js:392:13)\n    at Function.<anonymous> (/Users/macair/Desktop/Mentor/ventaro/server/node_modules/express/lib/application.js:222:21)\n    at Array.forEach (<anonymous>)\n    at Function.use (/Users/macair/Desktop/Mentor/ventaro/server/node_modules/express/lib/application.js:219:7)\n    at setupRoutes (/Users/macair/Desktop/Mentor/ventaro/server/routes/index.js:6:9)\n    at Server.initialize (/Users/macair/Desktop/Mentor/ventaro/server/server.js:23:13)\n    at process.processTicksAndRejections (node:internal/process/task_queues:105:5)\n    at async Server.start (/Users/macair/Desktop/Mentor/ventaro/server/server.js:35:13)"}
{"level":"info","message":"Server running in development Mode on port 5001"}
{"level":"info","message":"mongodb connected successfully"}
{"level":"info","message":"mongodb connected successfully"}
{"level":"info","message":"mongodb connected successfully"}
{"level":"info","message":"mongodb connected successfully"}
{"level":"info","message":"mongodb connected successfully"}
{"level":"info","message":"mongodb connected successfully"}
{"level":"info","message":"mongodb connected successfully"}
{"level":"info","message":"mongodb connected successfully"}
{"level":"info","message":"mongodb connected successfully"}
{"level":"info","message":"mongodb connected successfully"}
{"level":"info","message":"mongodb connected successfully"}
{"level":"info","message":"mongodb connected successfully"}
{"level":"info","message":"mongodb connected successfully"}
{"level":"info","message":"mongodb connected successfully"}
{"level":"info","message":"mongodb connected successfully"}
{"level":"info","message":"mongodb connected successfully"}
{"level":"info","message":"Server initialized successfully"}
{"level":"info","message":"Server running in development Mode on port 5001"}
{"level":"info","message":"incoming requests: POST /register from ::1"}
{"level":"info","message":"response completed: POST /register - 404"}
{"level":"info","message":"incoming requests: POST /api/auth/register from ::1"}
{"level":"info","message":"mongodb connected successfully"}
{"level":"info","message":"Server initialized successfully"}
{"level":"info","message":"Server running in development Mode on port 5001"}
{"level":"info","message":"mongodb connected successfully"}
{"level":"info","message":"Server initialized successfully"}
{"level":"info","message":"Server running in development Mode on port 5001"}
{"level":"info","message":"mongodb connected successfully"}
{"level":"info","message":"Server initialized successfully"}
{"level":"info","message":"Server running in development Mode on port 5001"}
{"level":"info","message":"mongodb connected successfully"}
{"level":"info","message":"Server initialized successfully"}
{"level":"info","message":"Server running in development Mode on port 5001"}
{"level":"info","message":"mongodb connected successfully"}
{"level":"info","message":"Server initialized successfully"}
{"level":"info","message":"Server running in development Mode on port 5001"}
{"level":"info","message":"mongodb connected successfully"}
{"level":"info","message":"Server initialized successfully"}
{"level":"info","message":"Server running in development Mode on port 5001"}
{"level":"info","message":"mongodb connected successfully"}
{"level":"info","message":"Server initialized successfully"}
{"level":"info","message":"Server running in development Mode on port 5001"}
{"level":"info","message":"incoming requests: POST /api/auth/register from ::1"}
{"level":"info","message":"mongodb connected successfully"}
{"level":"info","message":"Server initialized successfully"}
{"level":"info","message":"Server running in development Mode on port 5001"}
{"level":"info","message":"mongodb connected successfully"}
{"level":"info","message":"Server initialized successfully"}
{"level":"info","message":"Server running in development Mode on port 5001"}
{"level":"info","message":"mongodb connected successfully"}
{"level":"info","message":"Server initialized successfully"}
{"level":"info","message":"Server running in development Mode on port 5001"}
{"level":"info","message":"mongodb connected successfully"}
{"level":"info","message":"Server initialized successfully"}
{"level":"info","message":"Server running in development Mode on port 5001"}
{"level":"info","message":"mongodb connected successfully"}
{"level":"info","message":"Server initialized successfully"}
{"level":"info","message":"Server running in development Mode on port 5001"}
{"level":"info","message":"mongodb connected successfully"}
{"level":"info","message":"Server initialized successfully"}
{"level":"info","message":"Server running in development Mode on port 5001"}
{"level":"info","message":"mongodb connected successfully"}
{"level":"info","message":"Server initialized successfully"}
{"level":"info","message":"Server running in development Mode on port 5001"}
{"level":"info","message":"incoming requests: POST /api/auth/register from ::1"}
{"level":"info","message":"mongodb connected successfully"}
{"level":"info","message":"Server initialized successfully"}
{"level":"info","message":"Server running in development Mode on port 5001"}
{"level":"info","message":"incoming requests: POST /api/auth/register from ::1"}
{"level":"error","message":"Registration error: Cannot read properties of undefined (reading 'email')","stack":"TypeError: Cannot read properties of undefined (reading 'email')\n    at AuthService.register (/Users/macair/Desktop/Mentor/ventaro/server/services/authService.js:9:62)\n    at /Users/macair/Desktop/Mentor/ventaro/server/controllers/authController.js:8:44\n    at /Users/macair/Desktop/Mentor/ventaro/server/controllers/baseController.js:7:29\n    at Layer.handleRequest (/Users/macair/Desktop/Mentor/ventaro/server/node_modules/router/lib/layer.js:152:17)\n    at next (/Users/macair/Desktop/Mentor/ventaro/server/node_modules/router/lib/route.js:157:13)\n    at Route.dispatch (/Users/macair/Desktop/Mentor/ventaro/server/node_modules/router/lib/route.js:117:3)\n    at handle (/Users/macair/Desktop/Mentor/ventaro/server/node_modules/router/index.js:435:11)\n    at Layer.handleRequest (/Users/macair/Desktop/Mentor/ventaro/server/node_modules/router/lib/layer.js:152:17)\n    at /Users/macair/Desktop/Mentor/ventaro/server/node_modules/router/index.js:295:15\n    at processParams (/Users/macair/Desktop/Mentor/ventaro/server/node_modules/router/index.js:582:12)"}
{"level":"info","message":"response completed: POST /api/auth/register - 500"}
{"level":"info","message":"mongodb connected successfully"}
{"level":"info","message":"Server initialized successfully"}
{"level":"info","message":"Server running in development Mode on port 5001"}
{"level":"info","message":"mongodb connected successfully"}
{"level":"info","message":"Server initialized successfully"}
{"level":"info","message":"Server running in development Mode on port 5001"}
{"level":"info","message":"mongodb connected successfully"}
{"level":"info","message":"Server initialized successfully"}
{"level":"info","message":"Server running in development Mode on port 5001"}
{"level":"info","message":"mongodb connected successfully"}
{"level":"info","message":"Server initialized successfully"}
{"level":"info","message":"Server running in development Mode on port 5001"}
{"level":"info","message":"incoming requests: POST /api/auth/register from ::1"}
{"level":"error","message":"Registration error: Cannot read properties of undefined (reading 'email')","stack":"TypeError: Cannot read properties of undefined (reading 'email')\n    at AuthService.register (/Users/macair/Desktop/Mentor/ventaro/server/services/authService.js:9:62)\n    at /Users/macair/Desktop/Mentor/ventaro/server/controllers/authController.js:8:44\n    at /Users/macair/Desktop/Mentor/ventaro/server/controllers/baseController.js:7:29\n    at Layer.handleRequest (/Users/macair/Desktop/Mentor/ventaro/server/node_modules/router/lib/layer.js:152:17)\n    at next (/Users/macair/Desktop/Mentor/ventaro/server/node_modules/router/lib/route.js:157:13)\n    at Route.dispatch (/Users/macair/Desktop/Mentor/ventaro/server/node_modules/router/lib/route.js:117:3)\n    at handle (/Users/macair/Desktop/Mentor/ventaro/server/node_modules/router/index.js:435:11)\n    at Layer.handleRequest (/Users/macair/Desktop/Mentor/ventaro/server/node_modules/router/lib/layer.js:152:17)\n    at /Users/macair/Desktop/Mentor/ventaro/server/node_modules/router/index.js:295:15\n    at processParams (/Users/macair/Desktop/Mentor/ventaro/server/node_modules/router/index.js:582:12)"}
{"level":"info","message":"response completed: POST /api/auth/register - 500"}
{"level":"info","message":"mongodb connected successfully"}
{"level":"info","message":"Server initialized successfully"}
{"level":"info","message":"Server running in development Mode on port 5001"}
{"level":"info","message":"mongodb connected successfully"}
{"level":"info","message":"Server initialized successfully"}
{"level":"info","message":"Server running in development Mode on port 5001"}
{"level":"info","message":"mongodb connected successfully"}
{"level":"info","message":"Server initialized successfully"}
{"level":"info","message":"Server running in development Mode on port 5001"}
{"level":"info","message":"mongodb connected successfully"}
{"level":"info","message":"Server initialized successfully"}
{"level":"info","message":"Server running in development Mode on port 5001"}
{"level":"info","message":"mongodb connected successfully"}
{"level":"info","message":"Server initialized successfully"}
{"level":"info","message":"Server running in development Mode on port 5001"}
{"level":"info","message":"mongodb connected successfully"}
{"level":"info","message":"Server initialized successfully"}
{"level":"info","message":"Server running in development Mode on port 5001"}
{"level":"info","message":"incoming requests: POST /api/auth/register from ::1"}
{"level":"error","message":"Registration error: Cannot read properties of undefined (reading 'email')","stack":"TypeError: Cannot read properties of undefined (reading 'email')\n    at AuthService.register (/Users/macair/Desktop/Mentor/ventaro/server/services/authService.js:9:62)\n    at /Users/macair/Desktop/Mentor/ventaro/server/controllers/authController.js:10:44\n    at /Users/macair/Desktop/Mentor/ventaro/server/controllers/baseController.js:7:29\n    at Layer.handleRequest (/Users/macair/Desktop/Mentor/ventaro/server/node_modules/router/lib/layer.js:152:17)\n    at next (/Users/macair/Desktop/Mentor/ventaro/server/node_modules/router/lib/route.js:157:13)\n    at Route.dispatch (/Users/macair/Desktop/Mentor/ventaro/server/node_modules/router/lib/route.js:117:3)\n    at handle (/Users/macair/Desktop/Mentor/ventaro/server/node_modules/router/index.js:435:11)\n    at Layer.handleRequest (/Users/macair/Desktop/Mentor/ventaro/server/node_modules/router/lib/layer.js:152:17)\n    at /Users/macair/Desktop/Mentor/ventaro/server/node_modules/router/index.js:295:15\n    at processParams (/Users/macair/Desktop/Mentor/ventaro/server/node_modules/router/index.js:582:12)"}
{"level":"info","message":"response completed: POST /api/auth/register - 500"}
{"level":"info","message":"incoming requests: POST /api/auth/register from ::1"}
{"level":"error","message":"Registration error: Cannot read properties of undefined (reading 'email')","stack":"TypeError: Cannot read properties of undefined (reading 'email')\n    at AuthService.register (/Users/macair/Desktop/Mentor/ventaro/server/services/authService.js:9:62)\n    at /Users/macair/Desktop/Mentor/ventaro/server/controllers/authController.js:10:44\n    at /Users/macair/Desktop/Mentor/ventaro/server/controllers/baseController.js:7:29\n    at Layer.handleRequest (/Users/macair/Desktop/Mentor/ventaro/server/node_modules/router/lib/layer.js:152:17)\n    at next (/Users/macair/Desktop/Mentor/ventaro/server/node_modules/router/lib/route.js:157:13)\n    at Route.dispatch (/Users/macair/Desktop/Mentor/ventaro/server/node_modules/router/lib/route.js:117:3)\n    at handle (/Users/macair/Desktop/Mentor/ventaro/server/node_modules/router/index.js:435:11)\n    at Layer.handleRequest (/Users/macair/Desktop/Mentor/ventaro/server/node_modules/router/lib/layer.js:152:17)\n    at /Users/macair/Desktop/Mentor/ventaro/server/node_modules/router/index.js:295:15\n    at processParams (/Users/macair/Desktop/Mentor/ventaro/server/node_modules/router/index.js:582:12)"}
{"level":"info","message":"response completed: POST /api/auth/register - 500"}
{"level":"info","message":"mongodb connected successfully"}
{"level":"info","message":"Server initialized successfully"}
{"level":"info","message":"Server running in development Mode on port 5001"}
{"level":"info","message":"db disconnected gracefully"}
{"level":"info","message":"mongodb connected successfully"}
{"level":"info","message":"Server initialized successfully"}
{"level":"info","message":"Server running in development Mode on port 5001"}
{"level":"info","message":"incoming requests: POST /api/auth/register from ::1"}
{"level":"error","message":"Registration error: Cannot read properties of undefined (reading 'email')","stack":"TypeError: Cannot read properties of undefined (reading 'email')\n    at AuthService.register (/Users/macair/Desktop/Mentor/ventaro/server/services/authService.js:9:62)\n    at /Users/macair/Desktop/Mentor/ventaro/server/controllers/authController.js:10:44\n    at /Users/macair/Desktop/Mentor/ventaro/server/controllers/baseController.js:7:29\n    at Layer.handleRequest (/Users/macair/Desktop/Mentor/ventaro/server/node_modules/router/lib/layer.js:152:17)\n    at next (/Users/macair/Desktop/Mentor/ventaro/server/node_modules/router/lib/route.js:157:13)\n    at Route.dispatch (/Users/macair/Desktop/Mentor/ventaro/server/node_modules/router/lib/route.js:117:3)\n    at handle (/Users/macair/Desktop/Mentor/ventaro/server/node_modules/router/index.js:435:11)\n    at Layer.handleRequest (/Users/macair/Desktop/Mentor/ventaro/server/node_modules/router/lib/layer.js:152:17)\n    at /Users/macair/Desktop/Mentor/ventaro/server/node_modules/router/index.js:295:15\n    at processParams (/Users/macair/Desktop/Mentor/ventaro/server/node_modules/router/index.js:582:12)"}
{"level":"info","message":"response completed: POST /api/auth/register - 500"}
{"level":"info","message":"db disconnected gracefully"}
{"level":"info","message":"mongodb connected successfully"}
{"level":"info","message":"mongodb connected successfully"}
{"level":"info","message":"mongodb connected successfully"}
{"level":"info","message":"mongodb connected successfully"}
{"level":"info","message":"mongodb connected successfully"}
{"level":"info","message":"Server initialized successfully"}
{"level":"info","message":"Server running in development Mode on port 5001"}
{"level":"info","message":"incoming requests: POST /api/auth/register from ::1"}
{"level":"info","message":"response completed: POST /api/auth/register - 500"}
{"level":"info","message":"mongodb connected successfully"}
{"level":"info","message":"Server initialized successfully"}
{"level":"info","message":"Server running in development Mode on port 5001"}
{"level":"info","message":"mongodb connected successfully"}
{"level":"info","message":"Server initialized successfully"}
{"level":"info","message":"Server running in development Mode on port 5001"}
{"level":"info","message":"mongodb connected successfully"}
{"level":"info","message":"Server initialized successfully"}
{"level":"info","message":"Server running in development Mode on port 5001"}
{"level":"info","message":"mongodb connected successfully"}
{"level":"info","message":"Server initialized successfully"}
{"level":"info","message":"Server running in development Mode on port 5001"}
{"level":"info","message":"mongodb connected successfully"}
{"level":"info","message":"Server initialized successfully"}
{"level":"info","message":"Server running in development Mode on port 5001"}
{"level":"info","message":"mongodb connected successfully"}
{"level":"info","message":"Server initialized successfully"}
{"level":"info","message":"Server running in development Mode on port 5001"}
{"level":"info","message":"mongodb connected successfully"}
{"level":"info","message":"Server initialized successfully"}
{"level":"info","message":"Server running in development Mode on port 5001"}
{"level":"info","message":"mongodb connected successfully"}
{"level":"info","message":"Server initialized successfully"}
{"level":"info","message":"Server running in development Mode on port 5001"}
{"level":"info","message":"mongodb connected successfully"}
{"level":"info","message":"Server initialized successfully"}
{"level":"info","message":"Server running in development Mode on port 5001"}
{"level":"info","message":"mongodb connected successfully"}
{"level":"info","message":"Server initialized successfully"}
{"level":"info","message":"Server running in development Mode on port 5001"}
{"level":"info","message":"mongodb connected successfully"}
{"level":"info","message":"Server initialized successfully"}
{"level":"info","message":"Server running in development Mode on port 5001"}
{"level":"info","message":"mongodb connected successfully"}
{"level":"info","message":"Server initialized successfully"}
{"level":"info","message":"Server running in development Mode on port 5001"}
{"level":"info","message":"mongodb connected successfully"}
{"level":"info","message":"Server initialized successfully"}
{"level":"info","message":"Server running in development Mode on port 5001"}
{"level":"info","message":"mongodb connected successfully"}
{"level":"info","message":"Server initialized successfully"}
{"level":"info","message":"Server running in development Mode on port 5001"}
{"level":"info","message":"mongodb connected successfully"}
{"level":"info","message":"Server initialized successfully"}
{"level":"info","message":"Server running in development Mode on port 5001"}
{"level":"info","message":"mongodb connected successfully"}
{"level":"info","message":"Server initialized successfully"}
{"level":"info","message":"Server running in development Mode on port 5001"}
{"level":"info","message":"mongodb connected successfully"}
{"level":"info","message":"Server initialized successfully"}
{"level":"info","message":"Server running in development Mode on port 5001"}
{"level":"info","message":"mongodb connected successfully"}
{"level":"info","message":"Server initialized successfully"}
{"level":"info","message":"Server running in development Mode on port 5001"}
{"level":"info","message":"incoming requests: POST /api/auth/register from ::1"}
{"level":"info","message":"response completed: POST /api/auth/register - 500"}
{"level":"info","message":"mongodb connected successfully"}
{"level":"info","message":"Server initialized successfully"}
{"level":"info","message":"Server running in development Mode on port 5001"}
{"level":"info","message":"mongodb connected successfully"}
{"level":"info","message":"Server initialized successfully"}
{"level":"info","message":"Server running in development Mode on port 5001"}
{"level":"info","message":"mongodb connected successfully"}
{"level":"info","message":"Server initialized successfully"}
{"level":"info","message":"Server running in development Mode on port 5001"}
{"level":"info","message":"mongodb connected successfully"}
{"level":"info","message":"Server initialized successfully"}
{"level":"info","message":"Server running in development Mode on port 5001"}
{"level":"info","message":"incoming requests: POST /api/auth/register from ::1"}
{"level":"info","message":"response completed: POST /api/auth/register - 500"}
{"level":"info","message":"mongodb connected successfully"}
{"level":"info","message":"Server initialized successfully"}
{"level":"info","message":"Server running in development Mode on port 5001"}
{"level":"info","message":"mongodb connected successfully"}
{"level":"info","message":"Server initialized successfully"}
{"level":"info","message":"Server running in development Mode on port 5001"}
{"level":"info","message":"mongodb connected successfully"}
{"level":"info","message":"Server initialized successfully"}
{"level":"info","message":"Server running in development Mode on port 5001"}
{"level":"info","message":"mongodb connected successfully"}
{"level":"info","message":"Server initialized successfully"}
{"level":"info","message":"Server running in development Mode on port 5001"}
{"level":"info","message":"incoming requests: POST /api/auth/register from ::1"}
{"level":"info","message":"response completed: POST /api/auth/register - 500"}
{"level":"info","message":"db disconnected gracefully"}
{"level":"info","message":"mongodb connected successfully"}
{"level":"info","message":"Server initialized successfully"}
{"level":"info","message":"Server running in development Mode on port 5001"}
{"level":"info","message":"db disconnected gracefully"}
{"level":"info","message":"mongodb connected successfully"}
{"level":"info","message":"Server initialized successfully"}
{"level":"info","message":"Server running in development Mode on port 5001"}
{"level":"info","message":"incoming requests: POST /api/auth/register from ::1"}
{"level":"info","message":"response completed: POST /api/auth/register - 500"}
{"level":"info","message":"mongodb connected successfully"}
{"level":"info","message":"Server initialized successfully"}
{"level":"info","message":"Server running in development Mode on port 5001"}
{"level":"info","message":"mongodb connected successfully"}
{"level":"info","message":"Server initialized successfully"}
{"level":"info","message":"Server running in development Mode on port 5001"}
{"level":"info","message":"db disconnected gracefully"}
{"level":"info","message":"mongodb connected successfully"}
{"level":"info","message":"Server initialized successfully"}
{"level":"info","message":"Server running in development Mode on port 5001"}
{"level":"info","message":"incoming requests: POST /api/auth/register from ::1"}
{"level":"info","message":"response completed: POST /api/auth/register - 500"}
{"level":"info","message":"db disconnected gracefully"}
{"level":"info","message":"mongodb connected successfully"}
{"level":"info","message":"Server initialized successfully"}
{"level":"info","message":"Server running in development Mode on port 5001"}
{"level":"info","message":"incoming requests: POST /api/auth/register from ::1"}
{"level":"info","message":"response completed: POST /api/auth/register - 500"}
{"level":"info","message":"mongodb connected successfully"}
{"level":"info","message":"Server initialized successfully"}
{"level":"info","message":"Server running in development Mode on port 5001"}
{"level":"info","message":"mongodb connected successfully"}
{"level":"info","message":"Server initialized successfully"}
{"level":"info","message":"Server running in development Mode on port 5001"}
{"level":"info","message":"incoming requests: POST /api/auth/register from ::1"}
{"level":"info","message":"response completed: POST /api/auth/register - 500"}
{"level":"info","message":"mongodb connected successfully"}
{"level":"info","message":"Server initialized successfully"}
{"level":"info","message":"Server running in development Mode on port 5001"}
{"level":"info","message":"mongodb connected successfully"}
{"level":"info","message":"Server initialized successfully"}
{"level":"info","message":"Server running in development Mode on port 5001"}
{"level":"info","message":"incoming requests: POST /api/auth/register from ::1"}
{"level":"info","message":"response completed: POST /api/auth/register - 500"}
{"level":"info","message":"mongodb connected successfully"}
{"level":"info","message":"Server initialized successfully"}
{"level":"info","message":"Server running in development Mode on port 5001"}
{"level":"info","message":"mongodb connected successfully"}
{"level":"info","message":"Server initialized successfully"}
{"level":"info","message":"Server running in development Mode on port 5001"}
{"level":"info","message":"incoming requests: POST /api/auth/register from ::1"}
{"level":"info","message":"response completed: POST /api/auth/register - 500"}
{"level":"info","message":"mongodb connected successfully"}
{"level":"info","message":"Server initialized successfully"}
{"level":"info","message":"Server running in development Mode on port 5001"}
{"level":"info","message":"incoming requests: POST /api/auth/register from ::1"}
{"level":"info","message":"response completed: POST /api/auth/register - 500"}
{"level":"info","message":"db disconnected gracefully"}
{"level":"info","message":"mongodb connected successfully"}
{"level":"info","message":"Server initialized successfully"}
{"level":"info","message":"Server running in development Mode on port 5001"}
{"level":"info","message":"incoming requests: POST /api/auth/register from ::1"}
{"level":"info","message":"response completed: POST /api/auth/register - 500"}
{"level":"info","message":"mongodb connected successfully"}
{"level":"info","message":"Server initialized successfully"}
{"level":"info","message":"Server running in development Mode on port 5001"}
{"level":"info","message":"mongodb connected successfully"}
{"level":"info","message":"Server initialized successfully"}
{"level":"info","message":"Server running in development Mode on port 5001"}
{"level":"info","message":"mongodb connected successfully"}
{"level":"info","message":"Server initialized successfully"}
{"level":"info","message":"Server running in development Mode on port 5001"}
{"level":"info","message":"mongodb connected successfully"}
{"level":"info","message":"Server initialized successfully"}
{"level":"info","message":"Server running in development Mode on port 5001"}
{"level":"info","message":"mongodb connected successfully"}
{"level":"info","message":"Server initialized successfully"}
{"level":"info","message":"Server running in development Mode on port 5001"}
{"level":"info","message":"mongodb connected successfully"}
{"level":"info","message":"Server initialized successfully"}
{"level":"info","message":"Server running in development Mode on port 5001"}
{"level":"info","message":"mongodb connected successfully"}
{"level":"info","message":"Server initialized successfully"}
{"level":"info","message":"Server running in development Mode on port 5001"}
{"level":"info","message":"mongodb connected successfully"}
{"level":"info","message":"Server initialized successfully"}
{"level":"info","message":"Server running in development Mode on port 5001"}
{"level":"info","message":"mongodb connected successfully"}
{"level":"info","message":"Server initialized successfully"}
{"level":"info","message":"Server running in development Mode on port 5001"}
{"level":"info","message":"incoming requests: POST /api/auth/register from ::1"}
{"level":"info","message":"response completed: POST /api/auth/register - 500"}
{"level":"info","message":"incoming requests: POST /api/auth/register from ::1"}
{"level":"error","message":"Registration error: generateUserToken is not defined","stack":"ReferenceError: generateUserToken is not defined\n    at AuthService.register (/Users/macair/Desktop/Mentor/ventaro/server/services/authService.js:18:22)\n    at process.processTicksAndRejections (node:internal/process/task_queues:105:5)\n    at async /Users/macair/Desktop/Mentor/ventaro/server/controllers/authController.js:9:26"}
{"level":"info","message":"response completed: POST /api/auth/register - 500"}
{"level":"info","message":"mongodb connected successfully"}
{"level":"info","message":"Server initialized successfully"}
{"level":"info","message":"Server running in development Mode on port 5001"}
{"level":"info","message":"mongodb connected successfully"}
{"level":"info","message":"Server initialized successfully"}
{"level":"info","message":"Server running in development Mode on port 5001"}
{"level":"info","message":"mongodb connected successfully"}
{"level":"info","message":"Server initialized successfully"}
{"level":"info","message":"Server running in development Mode on port 5001"}
{"level":"info","message":"mongodb connected successfully"}
{"level":"info","message":"Server initialized successfully"}
{"level":"info","message":"Server running in development Mode on port 5001"}
{"level":"info","message":"mongodb connected successfully"}
{"level":"info","message":"Server initialized successfully"}
{"level":"info","message":"Server running in development Mode on port 5001"}
{"level":"info","message":"mongodb connected successfully"}
{"level":"info","message":"Server initialized successfully"}
{"level":"info","message":"Server running in development Mode on port 5001"}
{"level":"info","message":"mongodb connected successfully"}
{"level":"info","message":"Server initialized successfully"}
{"level":"info","message":"Server running in development Mode on port 5001"}
{"level":"info","message":"mongodb connected successfully"}
{"level":"info","message":"Server initialized successfully"}
{"level":"info","message":"Server running in development Mode on port 5001"}
{"level":"info","message":"mongodb connected successfully"}
{"level":"info","message":"Server initialized successfully"}
{"level":"info","message":"Server running in development Mode on port 5001"}
{"level":"info","message":"incoming requests: POST /api/auth/register from ::1"}
{"level":"error","message":"Registration error: User with this email already exists","stack":"Error: User with this email already exists\n    at AuthService.register (/Users/macair/Desktop/Mentor/ventaro/server/services/authService.js:13:15)\n    at process.processTicksAndRejections (node:internal/process/task_queues:105:5)\n    at async /Users/macair/Desktop/Mentor/ventaro/server/controllers/authController.js:9:26"}
{"level":"info","message":"response completed: POST /api/auth/register - 500"}
{"level":"info","message":"DB connection reconnected"}
{"level":"info","message":"incoming requests: POST /api/auth/register from ::1"}
{"level":"info","message":"New user registered: an@emial.com"}
{"level":"info","message":"mongodb connected successfully"}
{"level":"info","message":"Server initialized successfully"}
{"level":"info","message":"Server running in development Mode on port 5001"}
{"level":"info","message":"mongodb connected successfully"}
{"level":"info","message":"Server initialized successfully"}
{"level":"info","message":"Server running in development Mode on port 5001"}
{"level":"info","message":"mongodb connected successfully"}
{"level":"info","message":"Server initialized successfully"}
{"level":"info","message":"Server running in development Mode on port 5001"}
{"level":"info","message":"mongodb connected successfully"}
{"level":"info","message":"Server initialized successfully"}
{"level":"info","message":"Server running in development Mode on port 5001"}
{"level":"info","message":"mongodb connected successfully"}
{"level":"info","message":"Server initialized successfully"}
{"level":"info","message":"Server running in development Mode on port 5001"}
{"level":"info","message":"mongodb connected successfully"}
{"level":"info","message":"Server initialized successfully"}
{"level":"info","message":"Server running in development Mode on port 5001"}
{"level":"info","message":"mongodb connected successfully"}
{"level":"info","message":"Server initialized successfully"}
{"level":"info","message":"Server running in development Mode on port 5001"}
{"level":"info","message":"mongodb connected successfully"}
{"level":"info","message":"Server initialized successfully"}
{"level":"info","message":"Server running in development Mode on port 5001"}
{"level":"info","message":"mongodb connected successfully"}
{"level":"info","message":"Server initialized successfully"}
{"level":"info","message":"Server running in development Mode on port 5001"}
{"level":"info","message":"mongodb connected successfully"}
{"level":"info","message":"Server initialized successfully"}
{"level":"info","message":"Server running in development Mode on port 5001"}
{"level":"info","message":"mongodb connected successfully"}
{"level":"info","message":"Server initialized successfully"}
{"level":"info","message":"Server running in development Mode on port 5001"}
{"level":"info","message":"mongodb connected successfully"}
{"level":"info","message":"Server initialized successfully"}
{"level":"info","message":"Server running in development Mode on port 5001"}
{"level":"info","message":"mongodb connected successfully"}
{"level":"info","message":"Server initialized successfully"}
{"level":"info","message":"Server running in development Mode on port 5001"}
{"level":"info","message":"mongodb connected successfully"}
{"level":"info","message":"Server initialized successfully"}
{"level":"info","message":"Server running in development Mode on port 5001"}
{"level":"info","message":"mongodb connected successfully"}
{"level":"info","message":"Server initialized successfully"}
{"level":"info","message":"Server running in development Mode on port 5001"}
{"level":"info","message":"mongodb connected successfully"}
{"level":"info","message":"Server initialized successfully"}
{"level":"info","message":"Server running in development Mode on port 5001"}
{"level":"info","message":"mongodb connected successfully"}
{"level":"info","message":"Server initialized successfully"}
{"level":"info","message":"Server running in development Mode on port 5001"}
{"level":"info","message":"mongodb connected successfully"}
{"level":"info","message":"Server initialized successfully"}
{"level":"info","message":"Server running in development Mode on port 5001"}
{"level":"info","message":"mongodb connected successfully"}
{"level":"info","message":"Server initialized successfully"}
{"level":"info","message":"Server running in development Mode on port 5001"}
{"level":"info","message":"mongodb connected successfully"}
{"level":"info","message":"Server initialized successfully"}
{"level":"info","message":"Server running in development Mode on port 5001"}
{"level":"info","message":"mongodb connected successfully"}
{"level":"info","message":"Server initialized successfully"}
{"level":"info","message":"Server running in development Mode on port 5001"}
{"level":"info","message":"mongodb connected successfully"}
{"level":"info","message":"Server initialized successfully"}
{"level":"info","message":"Server running in development Mode on port 5001"}
{"level":"info","message":"mongodb connected successfully"}
{"level":"info","message":"Server initialized successfully"}
{"level":"info","message":"Server running in development Mode on port 5001"}
{"level":"info","message":"mongodb connected successfully"}
{"level":"info","message":"Server initialized successfully"}
{"level":"info","message":"Server running in development Mode on port 5001"}
{"level":"info","message":"mongodb connected successfully"}
{"level":"info","message":"Server initialized successfully"}
{"level":"info","message":"Server running in development Mode on port 5001"}
{"level":"info","message":"mongodb connected successfully"}
{"level":"info","message":"Server initialized successfully"}
{"level":"info","message":"Server running in development Mode on port 5001"}
{"level":"info","message":"mongodb connected successfully"}
{"level":"info","message":"Server initialized successfully"}
{"level":"info","message":"Server running in development Mode on port 5001"}
{"level":"info","message":"mongodb connected successfully"}
{"level":"info","message":"Server initialized successfully"}
{"level":"info","message":"Server running in development Mode on port 5001"}
{"level":"info","message":"mongodb connected successfully"}
{"level":"info","message":"Server initialized successfully"}
{"level":"info","message":"Server running in development Mode on port 5001"}
{"level":"info","message":"mongodb connected successfully"}
{"level":"info","message":"Server initialized successfully"}
{"level":"info","message":"Server running in development Mode on port 5001"}
{"level":"info","message":"mongodb connected successfully"}
{"level":"info","message":"Server initialized successfully"}
{"level":"info","message":"Server running in development Mode on port 5001"}
{"level":"info","message":"mongodb connected successfully"}
{"level":"info","message":"Server initialized successfully"}
{"level":"info","message":"Server running in development Mode on port 5001"}
{"level":"info","message":"mongodb connected successfully"}
{"level":"info","message":"Server initialized successfully"}
{"level":"info","message":"Server running in development Mode on port 5001"}
{"level":"info","message":"mongodb connected successfully"}
{"level":"info","message":"Server initialized successfully"}
{"level":"info","message":"Server running in development Mode on port 5001"}
{"level":"info","message":"mongodb connected successfully"}
{"level":"info","message":"Server initialized successfully"}
{"level":"info","message":"Server running in development Mode on port 5001"}
{"level":"info","message":"mongodb connected successfully"}
{"level":"info","message":"Server initialized successfully"}
{"level":"info","message":"Server running in development Mode on port 5001"}
{"level":"info","message":"mongodb connected successfully"}
{"level":"info","message":"Server initialized successfully"}
{"level":"info","message":"Server running in development Mode on port 5001"}
{"level":"info","message":"mongodb connected successfully"}
{"level":"info","message":"Server initialized successfully"}
{"level":"info","message":"Server running in development Mode on port 5001"}
{"level":"info","message":"mongodb connected successfully"}
{"level":"info","message":"Server initialized successfully"}
{"level":"info","message":"Server running in development Mode on port 5001"}
{"level":"info","message":"mongodb connected successfully"}
{"level":"info","message":"Server initialized successfully"}
{"level":"info","message":"Server running in development Mode on port 5001"}
{"level":"info","message":"mongodb connected successfully"}
{"level":"info","message":"Server initialized successfully"}
{"level":"info","message":"Server running in development Mode on port 5001"}
{"level":"info","message":"mongodb connected successfully"}
{"level":"info","message":"Server initialized successfully"}
{"level":"info","message":"Server running in development Mode on port 5001"}
{"level":"info","message":"mongodb connected successfully"}
{"level":"info","message":"Server initialized successfully"}
{"level":"info","message":"Server running in development Mode on port 5001"}
{"level":"info","message":"mongodb connected successfully"}
{"level":"info","message":"Server initialized successfully"}
{"level":"info","message":"Server running in development Mode on port 5001"}
{"level":"info","message":"mongodb connected successfully"}
{"level":"info","message":"Server initialized successfully"}
{"level":"info","message":"Server running in development Mode on port 5001"}
{"level":"info","message":"mongodb connected successfully"}
{"level":"info","message":"Server initialized successfully"}
{"level":"info","message":"Server running in development Mode on port 5001"}
{"level":"info","message":"mongodb connected successfully"}
{"level":"info","message":"Server initialized successfully"}
{"level":"info","message":"Server running in development Mode on port 5001"}
{"level":"info","message":"mongodb connected successfully"}
{"level":"info","message":"Server initialized successfully"}
{"level":"info","message":"Server running in development Mode on port 5001"}
{"level":"info","message":"mongodb connected successfully"}
{"level":"info","message":"Server initialized successfully"}
{"level":"info","message":"Server running in development Mode on port 5001"}
{"level":"info","message":"mongodb connected successfully"}
{"level":"info","message":"Server initialized successfully"}
{"level":"info","message":"Server running in development Mode on port 5001"}
{"level":"info","message":"mongodb connected successfully"}
{"level":"info","message":"Server initialized successfully"}
{"level":"info","message":"Server running in development Mode on port 5001"}
{"level":"info","message":"mongodb connected successfully"}
{"level":"info","message":"Server initialized successfully"}
{"level":"info","message":"Server running in development Mode on port 5001"}
{"level":"info","message":"incoming requests: POST /api/auth/register from ::1"}
{"level":"error","message":"Registration error: User with this email already exists","stack":"Error: User with this email already exists\n    at AuthService.register (/Users/macair/Desktop/Mentor/ventaro/server/services/authService.js:13:15)\n    at process.processTicksAndRejections (node:internal/process/task_queues:105:5)\n    at async /Users/macair/Desktop/Mentor/ventaro/server/controllers/authController.js:8:24"}
{"level":"info","message":"response completed: POST /api/auth/register - 500"}
{"level":"info","message":"mongodb connected successfully"}
{"level":"info","message":"Server initialized successfully"}
{"level":"info","message":"Server running in development Mode on port 5001"}
{"level":"info","message":"mongodb connected successfully"}
{"level":"info","message":"Server initialized successfully"}
{"level":"info","message":"Server running in development Mode on port 5001"}
{"level":"info","message":"mongodb connected successfully"}
{"level":"info","message":"Server initialized successfully"}
{"level":"info","message":"Server running in development Mode on port 5001"}
{"level":"info","message":"mongodb connected successfully"}
{"level":"info","message":"Server initialized successfully"}
{"level":"info","message":"Server running in development Mode on port 5001"}
{"level":"info","message":"incoming requests: POST /api/auth/register from ::1"}
{"level":"error","message":"Registration error: User with this email already exists","stack":"Error: User with this email already exists\n    at AuthService.register (/Users/macair/Desktop/Mentor/ventaro/server/services/authService.js:13:15)\n    at process.processTicksAndRejections (node:internal/process/task_queues:105:5)\n    at async /Users/macair/Desktop/Mentor/ventaro/server/controllers/authController.js:8:24"}
{"level":"info","message":"response completed: POST /api/auth/register - 500 36"}
{"level":"info","message":"db disconnected gracefully"}
{"level":"info","message":"mongodb connected successfully"}
{"level":"info","message":"Server initialized successfully"}
{"level":"info","message":"Server running in development Mode on port 5001"}
{"level":"info","message":"incoming requests: POST /api/auth/register from ::1"}
{"level":"error","message":"Registration error: User with this email already exists","stack":"Error: User with this email already exists\n    at AuthService.register (/Users/macair/Desktop/Mentor/ventaro/server/services/authService.js:13:15)\n    at process.processTicksAndRejections (node:internal/process/task_queues:105:5)\n    at async /Users/macair/Desktop/Mentor/ventaro/server/controllers/authController.js:8:24"}
{"level":"info","message":"response completed: POST /api/auth/register - 500 87"}
{"level":"info","message":"db disconnected gracefully"}
{"level":"info","message":"mongodb connected successfully"}
{"level":"info","message":"Server initialized successfully"}
{"level":"info","message":"Server running in development Mode on port 5001"}
{"level":"info","message":"incoming requests: POST /api/auth/register from ::1"}
{"level":"info","message":"New user registered: ane@emial.com"}
{"level":"error","message":"Registration error: user.getPublicProfile is not a function","stack":"TypeError: user.getPublicProfile is not a function\n    at AuthService.register (/Users/macair/Desktop/Mentor/ventaro/server/services/authService.js:28:20)\n    at process.processTicksAndRejections (node:internal/process/task_queues:105:5)\n    at async /Users/macair/Desktop/Mentor/ventaro/server/controllers/authController.js:8:24"}
{"level":"info","message":"response completed: POST /api/auth/register - 500 53"}
{"level":"info","message":"mongodb connected successfully"}
{"level":"info","message":"Server initialized successfully"}
{"level":"info","message":"Server running in development Mode on port 5001"}
{"level":"info","message":"mongodb connected successfully"}
{"level":"info","message":"Server initialized successfully"}
{"level":"info","message":"Server running in development Mode on port 5001"}
{"level":"info","message":"mongodb connected successfully"}
{"level":"info","message":"Server initialized successfully"}
{"level":"info","message":"Server running in development Mode on port 5001"}
{"level":"info","message":"mongodb connected successfully"}
{"level":"info","message":"Server initialized successfully"}
{"level":"info","message":"Server running in development Mode on port 5001"}
{"level":"info","message":"mongodb connected successfully"}
{"level":"info","message":"Server initialized successfully"}
{"level":"info","message":"Server running in development Mode on port 5001"}
{"level":"info","message":"mongodb connected successfully"}
{"level":"info","message":"Server initialized successfully"}
{"level":"info","message":"Server running in development Mode on port 5001"}
{"level":"info","message":"mongodb connected successfully"}
{"level":"info","message":"Server initialized successfully"}
{"level":"info","message":"Server running in development Mode on port 5001"}
{"level":"info","message":"mongodb connected successfully"}
{"level":"info","message":"Server initialized successfully"}
{"level":"info","message":"Server running in development Mode on port 5001"}
{"level":"info","message":"mongodb connected successfully"}
{"level":"info","message":"Server initialized successfully"}
{"level":"info","message":"Server running in development Mode on port 5001"}
{"level":"info","message":"mongodb connected successfully"}
{"level":"info","message":"Server initialized successfully"}
{"level":"info","message":"Server running in development Mode on port 5001"}
{"level":"info","message":"mongodb connected successfully"}
{"level":"info","message":"Server initialized successfully"}
{"level":"info","message":"Server running in development Mode on port 5001"}
{"level":"info","message":"mongodb connected successfully"}
{"level":"info","message":"Server initialized successfully"}
{"level":"info","message":"Server running in development Mode on port 5001"}
{"level":"info","message":"mongodb connected successfully"}
{"level":"info","message":"Server initialized successfully"}
{"level":"info","message":"Server running in development Mode on port 5001"}
{"level":"info","message":"mongodb connected successfully"}
{"level":"info","message":"Server initialized successfully"}
{"level":"info","message":"Server running in development Mode on port 5001"}
{"level":"info","message":"mongodb connected successfully"}
{"level":"info","message":"Server initialized successfully"}
{"level":"info","message":"Server running in development Mode on port 5001"}
{"level":"info","message":"mongodb connected successfully"}
{"level":"info","message":"Server initialized successfully"}
{"level":"info","message":"Server running in development Mode on port 5001"}
{"level":"info","message":"mongodb connected successfully"}
{"level":"info","message":"Server initialized successfully"}
{"level":"info","message":"Server running in development Mode on port 5001"}
{"level":"info","message":"incoming requests: POST /api/auth/register from ::1"}
{"level":"info","message":"New user registered: anee@emial.com"}
{"level":"error","message":"Registration error: user.getPublicProfile is not a function","stack":"TypeError: user.getPublicProfile is not a function\n    at AuthService.register (/Users/macair/Desktop/Mentor/ventaro/server/services/authService.js:28:20)\n    at process.processTicksAndRejections (node:internal/process/task_queues:105:5)\n    at async /Users/macair/Desktop/Mentor/ventaro/server/controllers/authController.js:8:24"}
{"level":"info","message":"response completed: POST /api/auth/register - 500 81"}
{"level":"info","message":"db disconnected gracefully"}
{"level":"info","message":"mongodb connected successfully"}
{"level":"info","message":"Server initialized successfully"}
{"level":"info","message":"Server running in development Mode on port 5001"}
{"level":"info","message":"incoming requests: POST /api/auth/register from ::1"}
{"level":"info","message":"New user registered: anees@emial.com"}
{"action":"USER_REGISTER","level":"info","message":"Controller action: USER_REGISTER","timestamp":"2025-11-16T11:32:39.796Z","user":{"email":"anees@emial.com","id":"6919b657503245c541b75db5","role":"user"}}
{"level":"info","message":"response completed: POST /api/auth/register - 201 43"}
